2020-08-30 10:45:54,091 INFO 2916 [Timer] D:\hqyj\Webpack\vuew\mstx_server\node_modules\_egg-multipart@2.10.3@egg-multipart\app\schedule\clean_tmpdir.js next time will execute after 63845911ms at 2020-08-31 04:30:00.002
2020-08-30 10:45:54,092 INFO 2916 [Timer] D:\hqyj\Webpack\vuew\mstx_server\node_modules\_egg-logrotator@3.1.0@egg-logrotator\app\schedule\clean_log.js next time will execute after 47645909ms at 2020-08-31 00:00:00.001
2020-08-30 10:45:54,092 INFO 2916 [Timer] D:\hqyj\Webpack\vuew\mstx_server\node_modules\_egg-logrotator@3.1.0@egg-logrotator\app\schedule\rotate_by_file.js next time will execute after 47646908ms at 2020-08-31 00:00:01.000
2020-08-30 10:45:53,707 INFO 10096 [egg-schedule]: register schedule D:\hqyj\Webpack\vuew\mstx_server\node_modules\_egg-multipart@2.10.3@egg-multipart\app\schedule\clean_tmpdir.js
2020-08-30 10:45:53,707 INFO 10096 [egg-schedule]: register schedule D:\hqyj\Webpack\vuew\mstx_server\node_modules\_egg-logrotator@3.1.0@egg-logrotator\app\schedule\clean_log.js
2020-08-30 10:45:53,707 INFO 10096 [egg-schedule]: register schedule D:\hqyj\Webpack\vuew\mstx_server\node_modules\_egg-logrotator@3.1.0@egg-logrotator\app\schedule\rotate_by_file.js
2020-08-30 10:49:47,621 INFO 17288 [egg-schedule]: register schedule D:\hqyj\Webpack\vuew\mstx_server\node_modules\_egg-multipart@2.10.3@egg-multipart\app\schedule\clean_tmpdir.js
2020-08-30 10:49:47,621 INFO 17288 [egg-schedule]: register schedule D:\hqyj\Webpack\vuew\mstx_server\node_modules\_egg-logrotator@3.1.0@egg-logrotator\app\schedule\clean_log.js
2020-08-30 10:49:47,621 INFO 17288 [egg-schedule]: register schedule D:\hqyj\Webpack\vuew\mstx_server\node_modules\_egg-logrotator@3.1.0@egg-logrotator\app\schedule\rotate_by_file.js
2020-08-30 10:53:31,126 INFO 3416 [Timer] D:\hqyj\Webpack\vuew\mstx_server\node_modules\_egg-multipart@2.10.3@egg-multipart\app\schedule\clean_tmpdir.js next time will execute after 63388876ms at 2020-08-31 04:30:00.002
2020-08-30 10:53:31,127 INFO 3416 [Timer] D:\hqyj\Webpack\vuew\mstx_server\node_modules\_egg-logrotator@3.1.0@egg-logrotator\app\schedule\clean_log.js next time will execute after 47188873ms at 2020-08-31 00:00:00.000
2020-08-30 10:53:31,127 INFO 3416 [Timer] D:\hqyj\Webpack\vuew\mstx_server\node_modules\_egg-logrotator@3.1.0@egg-logrotator\app\schedule\rotate_by_file.js next time will execute after 47189873ms at 2020-08-31 00:00:01.000
2020-08-30 10:53:30,822 INFO 4104 [egg-schedule]: register schedule D:\hqyj\Webpack\vuew\mstx_server\node_modules\_egg-multipart@2.10.3@egg-multipart\app\schedule\clean_tmpdir.js
2020-08-30 10:53:30,822 INFO 4104 [egg-schedule]: register schedule D:\hqyj\Webpack\vuew\mstx_server\node_modules\_egg-logrotator@3.1.0@egg-logrotator\app\schedule\clean_log.js
2020-08-30 10:53:30,822 INFO 4104 [egg-schedule]: register schedule D:\hqyj\Webpack\vuew\mstx_server\node_modules\_egg-logrotator@3.1.0@egg-logrotator\app\schedule\rotate_by_file.js
2020-08-30 11:09:38,171 INFO 12208 [egg-schedule]: register schedule D:\hqyj\Webpack\vuew\mstx_server\node_modules\_egg-multipart@2.10.3@egg-multipart\app\schedule\clean_tmpdir.js
2020-08-30 11:09:38,171 INFO 12208 [egg-schedule]: register schedule D:\hqyj\Webpack\vuew\mstx_server\node_modules\_egg-logrotator@3.1.0@egg-logrotator\app\schedule\clean_log.js
2020-08-30 11:09:38,171 INFO 12208 [egg-schedule]: register schedule D:\hqyj\Webpack\vuew\mstx_server\node_modules\_egg-logrotator@3.1.0@egg-logrotator\app\schedule\rotate_by_file.js
2020-08-30 11:19:19,730 INFO 1300 [Timer] D:\hqyj\Webpack\vuew\mstx_server\node_modules\_egg-multipart@2.10.3@egg-multipart\app\schedule\clean_tmpdir.js next time will execute after 61840273ms at 2020-08-31 04:30:00.003
2020-08-30 11:19:19,730 INFO 1300 [Timer] D:\hqyj\Webpack\vuew\mstx_server\node_modules\_egg-logrotator@3.1.0@egg-logrotator\app\schedule\clean_log.js next time will execute after 45640270ms at 2020-08-31 00:00:00.000
2020-08-30 11:19:19,730 INFO 1300 [Timer] D:\hqyj\Webpack\vuew\mstx_server\node_modules\_egg-logrotator@3.1.0@egg-logrotator\app\schedule\rotate_by_file.js next time will execute after 45641270ms at 2020-08-31 00:00:01.000
2020-08-30 11:19:19,395 INFO 8500 [egg-schedule]: register schedule D:\hqyj\Webpack\vuew\mstx_server\node_modules\_egg-multipart@2.10.3@egg-multipart\app\schedule\clean_tmpdir.js
2020-08-30 11:19:19,395 INFO 8500 [egg-schedule]: register schedule D:\hqyj\Webpack\vuew\mstx_server\node_modules\_egg-logrotator@3.1.0@egg-logrotator\app\schedule\clean_log.js
2020-08-30 11:19:19,395 INFO 8500 [egg-schedule]: register schedule D:\hqyj\Webpack\vuew\mstx_server\node_modules\_egg-logrotator@3.1.0@egg-logrotator\app\schedule\rotate_by_file.js
2020-08-31 22:23:06,175 INFO 1948 [egg-schedule]: register schedule D:\hqyj\Webpack\vuew\mstx_server\node_modules\_egg-multipart@2.10.3@egg-multipart\app\schedule\clean_tmpdir.js
2020-08-31 22:23:06,175 INFO 1948 [egg-schedule]: register schedule D:\hqyj\Webpack\vuew\mstx_server\node_modules\_egg-logrotator@3.1.0@egg-logrotator\app\schedule\clean_log.js
2020-08-31 22:23:06,175 INFO 1948 [egg-schedule]: register schedule D:\hqyj\Webpack\vuew\mstx_server\node_modules\_egg-logrotator@3.1.0@egg-logrotator\app\schedule\rotate_by_file.js
2020-08-31 22:23:07,159 INFO 9532 [Timer] D:\hqyj\Webpack\vuew\mstx_server\node_modules\_egg-multipart@2.10.3@egg-multipart\app\schedule\clean_tmpdir.js next time will execute after 22012844ms at 2020-09-01 04:30:00.003
2020-08-31 22:23:07,159 INFO 9532 [Timer] D:\hqyj\Webpack\vuew\mstx_server\node_modules\_egg-logrotator@3.1.0@egg-logrotator\app\schedule\clean_log.js next time will execute after 5812841ms at 2020-09-01 00:00:00.000
2020-08-31 22:23:07,159 INFO 9532 [Timer] D:\hqyj\Webpack\vuew\mstx_server\node_modules\_egg-logrotator@3.1.0@egg-logrotator\app\schedule\rotate_by_file.js next time will execute after 5813841ms at 2020-09-01 00:00:01.000
2020-09-01 09:08:11,724 INFO 7392 [egg-schedule]: register schedule D:\hqyj\Webpack\vuew\mstx_server\node_modules\_egg-multipart@2.10.3@egg-multipart\app\schedule\clean_tmpdir.js
2020-09-01 09:08:11,724 INFO 7392 [egg-schedule]: register schedule D:\hqyj\Webpack\vuew\mstx_server\node_modules\_egg-logrotator@3.1.0@egg-logrotator\app\schedule\clean_log.js
2020-09-01 09:08:11,724 INFO 7392 [egg-schedule]: register schedule D:\hqyj\Webpack\vuew\mstx_server\node_modules\_egg-logrotator@3.1.0@egg-logrotator\app\schedule\rotate_by_file.js
2020-09-01 09:08:12,888 INFO 16168 [Timer] D:\hqyj\Webpack\vuew\mstx_server\node_modules\_egg-multipart@2.10.3@egg-multipart\app\schedule\clean_tmpdir.js next time will execute after 69707115ms at 2020-09-02 04:30:00.003
2020-09-01 09:08:12,888 INFO 16168 [Timer] D:\hqyj\Webpack\vuew\mstx_server\node_modules\_egg-logrotator@3.1.0@egg-logrotator\app\schedule\clean_log.js next time will execute after 53507112ms at 2020-09-02 00:00:00.000
2020-09-01 09:08:12,889 INFO 16168 [Timer] D:\hqyj\Webpack\vuew\mstx_server\node_modules\_egg-logrotator@3.1.0@egg-logrotator\app\schedule\rotate_by_file.js next time will execute after 53508112ms at 2020-09-02 00:00:01.000
2020-09-01 09:45:50,754 INFO 17544 [egg-schedule]: register schedule D:\hqyj\Webpack\vuew\mstx_server\node_modules\_egg-multipart@2.10.3@egg-multipart\app\schedule\clean_tmpdir.js
2020-09-01 09:45:50,754 INFO 17544 [egg-schedule]: register schedule D:\hqyj\Webpack\vuew\mstx_server\node_modules\_egg-logrotator@3.1.0@egg-logrotator\app\schedule\clean_log.js
2020-09-01 09:45:50,754 INFO 17544 [egg-schedule]: register schedule D:\hqyj\Webpack\vuew\mstx_server\node_modules\_egg-logrotator@3.1.0@egg-logrotator\app\schedule\rotate_by_file.js
2020-09-01 09:46:36,621 INFO 9788 [egg-schedule]: register schedule D:\hqyj\Webpack\vuew\mstx_server\node_modules\_egg-multipart@2.10.3@egg-multipart\app\schedule\clean_tmpdir.js
2020-09-01 09:46:36,621 INFO 9788 [egg-schedule]: register schedule D:\hqyj\Webpack\vuew\mstx_server\node_modules\_egg-logrotator@3.1.0@egg-logrotator\app\schedule\clean_log.js
2020-09-01 09:46:36,621 INFO 9788 [egg-schedule]: register schedule D:\hqyj\Webpack\vuew\mstx_server\node_modules\_egg-logrotator@3.1.0@egg-logrotator\app\schedule\rotate_by_file.js
2020-09-01 09:46:45,383 INFO 16376 [egg-schedule]: register schedule D:\hqyj\Webpack\vuew\mstx_server\node_modules\_egg-multipart@2.10.3@egg-multipart\app\schedule\clean_tmpdir.js
2020-09-01 09:46:45,383 INFO 16376 [egg-schedule]: register schedule D:\hqyj\Webpack\vuew\mstx_server\node_modules\_egg-logrotator@3.1.0@egg-logrotator\app\schedule\clean_log.js
2020-09-01 09:46:45,383 INFO 16376 [egg-schedule]: register schedule D:\hqyj\Webpack\vuew\mstx_server\node_modules\_egg-logrotator@3.1.0@egg-logrotator\app\schedule\rotate_by_file.js
2020-09-01 09:48:32,790 INFO 3944 [egg-schedule]: register schedule D:\hqyj\Webpack\vuew\mstx_server\node_modules\_egg-multipart@2.10.3@egg-multipart\app\schedule\clean_tmpdir.js
2020-09-01 09:48:32,790 INFO 3944 [egg-schedule]: register schedule D:\hqyj\Webpack\vuew\mstx_server\node_modules\_egg-logrotator@3.1.0@egg-logrotator\app\schedule\clean_log.js
2020-09-01 09:48:32,790 INFO 3944 [egg-schedule]: register schedule D:\hqyj\Webpack\vuew\mstx_server\node_modules\_egg-logrotator@3.1.0@egg-logrotator\app\schedule\rotate_by_file.js
2020-09-01 10:02:11,656 INFO 1480 [egg-schedule]: register schedule D:\hqyj\Webpack\vuew\mstx_server\node_modules\_egg-multipart@2.10.3@egg-multipart\app\schedule\clean_tmpdir.js
2020-09-01 10:02:11,656 INFO 1480 [egg-schedule]: register schedule D:\hqyj\Webpack\vuew\mstx_server\node_modules\_egg-logrotator@3.1.0@egg-logrotator\app\schedule\clean_log.js
2020-09-01 10:02:11,656 INFO 1480 [egg-schedule]: register schedule D:\hqyj\Webpack\vuew\mstx_server\node_modules\_egg-logrotator@3.1.0@egg-logrotator\app\schedule\rotate_by_file.js
