2020-08-30 10:45:53,668 INFO 10096 [egg:logger] init all loggers with options: {"dir":"D:\\hqyj\\Webpack\\vuew\\mstx_server\\logs\\mysql","encoding":"utf8","env":"local","level":"INFO","consoleLevel":"INFO","disableConsoleAfterReady":false,"outputJSON":false,"buffer":true,"appLogName":"mysql-web.log","coreLogName":"egg-web.log","agentLogName":"egg-agent.log","errorLogName":"common-error.log","coreLogger":{"consoleLevel":"WARN"},"allowDebugAtProd":false,"type":"application"}
2020-08-30 10:45:53,708 INFO 10096 [egg-multipart] file mode enable
2020-08-30 10:45:53,708 INFO 10096 [egg-multipart] will save temporary files to "C:\\Users\\yuzhenli\\AppData\\Local\\Temp\\egg-multipart-tmp\\mysql", cleanup job cron: "0 30 4 * * *"
2020-08-30 10:45:53,708 INFO 10096 [egg-mysql] connecting root@localhost:3306/vue
2020-08-30 10:45:54,019 INFO 10096 [egg-static] starting static serve /public/ -> D:\hqyj\Webpack\vuew\mstx_server\app\public
2020-08-30 10:45:54,023 INFO 10096 [egg-security] use methodnoallow middleware
2020-08-30 10:45:54,025 INFO 10096 [egg-security] use noopen middleware
2020-08-30 10:45:54,027 INFO 10096 [egg-security] use nosniff middleware
2020-08-30 10:45:54,028 INFO 10096 [egg-security] use xssProtection middleware
2020-08-30 10:45:54,029 INFO 10096 [egg-security] use xframe middleware
2020-08-30 10:45:54,031 INFO 10096 [egg-security] use dta middleware
2020-08-30 10:45:54,031 INFO 10096 [egg-security] compose 6 middlewares into one security middleware
2020-08-30 10:45:54,045 INFO 10096 [egg:core] dump config after load, 8ms
2020-08-30 10:45:54,062 INFO 10096 [egg-watcher:application] watcher start success
2020-08-30 10:45:54,074 INFO 10096 [egg-mysql] instance[0] status OK, rds currentTime: Sun Aug 30 2020 10:45:54 GMT+0800 (GMT+08:00)
2020-08-30 10:45:54,084 INFO 10096 [egg:core] dump config after ready, 8ms
2020-08-30 10:49:47,586 INFO 17288 [egg:logger] init all loggers with options: {"dir":"D:\\hqyj\\Webpack\\vuew\\mstx_server\\logs\\mysql","encoding":"utf8","env":"local","level":"INFO","consoleLevel":"INFO","disableConsoleAfterReady":false,"outputJSON":false,"buffer":true,"appLogName":"mysql-web.log","coreLogName":"egg-web.log","agentLogName":"egg-agent.log","errorLogName":"common-error.log","coreLogger":{"consoleLevel":"WARN"},"allowDebugAtProd":false,"type":"application"}
2020-08-30 10:49:47,622 INFO 17288 [egg-multipart] file mode enable
2020-08-30 10:49:47,622 INFO 17288 [egg-multipart] will save temporary files to "C:\\Users\\yuzhenli\\AppData\\Local\\Temp\\egg-multipart-tmp\\mysql", cleanup job cron: "0 30 4 * * *"
2020-08-30 10:49:47,622 INFO 17288 [egg-mysql] connecting root@localhost:3306/vue
2020-08-30 10:49:47,870 INFO 17288 [egg-static] starting static serve /public/ -> D:\hqyj\Webpack\vuew\mstx_server\app\public
2020-08-30 10:49:47,874 INFO 17288 [egg-security] use methodnoallow middleware
2020-08-30 10:49:47,876 INFO 17288 [egg-security] use noopen middleware
2020-08-30 10:49:47,878 INFO 17288 [egg-security] use nosniff middleware
2020-08-30 10:49:47,879 INFO 17288 [egg-security] use xssProtection middleware
2020-08-30 10:49:47,880 INFO 17288 [egg-security] use xframe middleware
2020-08-30 10:49:47,881 INFO 17288 [egg-security] use dta middleware
2020-08-30 10:49:47,881 INFO 17288 [egg-security] compose 6 middlewares into one security middleware
2020-08-30 10:49:47,895 INFO 17288 [egg:core] dump config after load, 8ms
2020-08-30 10:49:47,909 INFO 17288 [egg-watcher:application] watcher start success
2020-08-30 10:49:47,914 INFO 17288 [egg-mysql] instance[0] status OK, rds currentTime: Sun Aug 30 2020 10:49:47 GMT+0800 (GMT+08:00)
2020-08-30 10:49:47,925 INFO 17288 [egg:core] dump config after ready, 9ms
2020-08-30 10:53:30,786 INFO 4104 [egg:logger] init all loggers with options: {"dir":"D:\\hqyj\\Webpack\\vuew\\mstx_server\\logs\\mysql","encoding":"utf8","env":"local","level":"INFO","consoleLevel":"INFO","disableConsoleAfterReady":false,"outputJSON":false,"buffer":true,"appLogName":"mysql-web.log","coreLogName":"egg-web.log","agentLogName":"egg-agent.log","errorLogName":"common-error.log","coreLogger":{"consoleLevel":"WARN"},"allowDebugAtProd":false,"type":"application"}
2020-08-30 10:53:30,822 INFO 4104 [egg-multipart] file mode enable
2020-08-30 10:53:30,823 INFO 4104 [egg-multipart] will save temporary files to "C:\\Users\\yuzhenli\\AppData\\Local\\Temp\\egg-multipart-tmp\\mysql", cleanup job cron: "0 30 4 * * *"
2020-08-30 10:53:30,823 INFO 4104 [egg-mysql] connecting root@localhost:3306/vue
2020-08-30 10:53:31,065 INFO 4104 [egg-static] starting static serve /public/ -> D:\hqyj\Webpack\vuew\mstx_server\app\public
2020-08-30 10:53:31,070 INFO 4104 [egg-security] use methodnoallow middleware
2020-08-30 10:53:31,071 INFO 4104 [egg-security] use noopen middleware
2020-08-30 10:53:31,073 INFO 4104 [egg-security] use nosniff middleware
2020-08-30 10:53:31,074 INFO 4104 [egg-security] use xssProtection middleware
2020-08-30 10:53:31,075 INFO 4104 [egg-security] use xframe middleware
2020-08-30 10:53:31,076 INFO 4104 [egg-security] use dta middleware
2020-08-30 10:53:31,076 INFO 4104 [egg-security] compose 6 middlewares into one security middleware
2020-08-30 10:53:31,090 INFO 4104 [egg:core] dump config after load, 8ms
2020-08-30 10:53:31,107 INFO 4104 [egg-watcher:application] watcher start success
2020-08-30 10:53:31,110 INFO 4104 [egg-mysql] instance[0] status OK, rds currentTime: Sun Aug 30 2020 10:53:31 GMT+0800 (GMT+08:00)
2020-08-30 10:53:31,119 INFO 4104 [egg:core] dump config after ready, 7ms
2020-08-30 11:09:38,132 INFO 12208 [egg:logger] init all loggers with options: {"dir":"D:\\hqyj\\Webpack\\vuew\\mstx_server\\logs\\mysql","encoding":"utf8","env":"local","level":"INFO","consoleLevel":"INFO","disableConsoleAfterReady":false,"outputJSON":false,"buffer":true,"appLogName":"mysql-web.log","coreLogName":"egg-web.log","agentLogName":"egg-agent.log","errorLogName":"common-error.log","coreLogger":{"consoleLevel":"WARN"},"allowDebugAtProd":false,"type":"application"}
2020-08-30 11:09:38,171 INFO 12208 [egg-multipart] file mode enable
2020-08-30 11:09:38,171 INFO 12208 [egg-multipart] will save temporary files to "C:\\Users\\yuzhenli\\AppData\\Local\\Temp\\egg-multipart-tmp\\mysql", cleanup job cron: "0 30 4 * * *"
2020-08-30 11:09:38,172 INFO 12208 [egg-mysql] connecting root@localhost:3306/vue
2020-08-30 11:09:38,440 INFO 12208 [egg-static] starting static serve /public/ -> D:\hqyj\Webpack\vuew\mstx_server\app\public
2020-08-30 11:09:38,445 INFO 12208 [egg-security] use methodnoallow middleware
2020-08-30 11:09:38,446 INFO 12208 [egg-security] use noopen middleware
2020-08-30 11:09:38,449 INFO 12208 [egg-security] use nosniff middleware
2020-08-30 11:09:38,450 INFO 12208 [egg-security] use xssProtection middleware
2020-08-30 11:09:38,451 INFO 12208 [egg-security] use xframe middleware
2020-08-30 11:09:38,452 INFO 12208 [egg-security] use dta middleware
2020-08-30 11:09:38,452 INFO 12208 [egg-security] compose 6 middlewares into one security middleware
2020-08-30 11:09:38,466 INFO 12208 [egg:core] dump config after load, 9ms
2020-08-30 11:09:38,486 INFO 12208 [egg-watcher:application] watcher start success
2020-08-30 11:09:38,489 INFO 12208 [egg-mysql] instance[0] status OK, rds currentTime: Sun Aug 30 2020 11:09:38 GMT+0800 (GMT+08:00)
2020-08-30 11:09:38,499 INFO 12208 [egg:core] dump config after ready, 8ms
2020-08-30 11:19:19,357 INFO 8500 [egg:logger] init all loggers with options: {"dir":"D:\\hqyj\\Webpack\\vuew\\mstx_server\\logs\\mysql","encoding":"utf8","env":"local","level":"INFO","consoleLevel":"INFO","disableConsoleAfterReady":false,"outputJSON":false,"buffer":true,"appLogName":"mysql-web.log","coreLogName":"egg-web.log","agentLogName":"egg-agent.log","errorLogName":"common-error.log","coreLogger":{"consoleLevel":"WARN"},"allowDebugAtProd":false,"type":"application"}
2020-08-30 11:19:19,396 INFO 8500 [egg-multipart] file mode enable
2020-08-30 11:19:19,396 INFO 8500 [egg-multipart] will save temporary files to "C:\\Users\\yuzhenli\\AppData\\Local\\Temp\\egg-multipart-tmp\\mysql", cleanup job cron: "0 30 4 * * *"
2020-08-30 11:19:19,396 INFO 8500 [egg-mysql] connecting root@localhost:3306/vue
2020-08-30 11:19:19,658 INFO 8500 [egg-static] starting static serve /public/ -> D:\hqyj\Webpack\vuew\mstx_server\app\public
2020-08-30 11:19:19,663 INFO 8500 [egg-security] use methodnoallow middleware
2020-08-30 11:19:19,664 INFO 8500 [egg-security] use noopen middleware
2020-08-30 11:19:19,667 INFO 8500 [egg-security] use nosniff middleware
2020-08-30 11:19:19,668 INFO 8500 [egg-security] use xssProtection middleware
2020-08-30 11:19:19,669 INFO 8500 [egg-security] use xframe middleware
2020-08-30 11:19:19,670 INFO 8500 [egg-security] use dta middleware
2020-08-30 11:19:19,670 INFO 8500 [egg-security] compose 6 middlewares into one security middleware
2020-08-30 11:19:19,684 INFO 8500 [egg:core] dump config after load, 7ms
2020-08-30 11:19:19,704 INFO 8500 [egg-watcher:application] watcher start success
2020-08-30 11:19:19,706 INFO 8500 [egg-mysql] instance[0] status OK, rds currentTime: Sun Aug 30 2020 11:19:19 GMT+0800 (GMT+08:00)
2020-08-30 11:19:19,723 INFO 8500 [egg:core] dump config after ready, 14ms
2020-08-31 22:23:06,138 INFO 1948 [egg:logger] init all loggers with options: {"dir":"D:\\hqyj\\Webpack\\vuew\\mstx_server\\logs\\mysql","encoding":"utf8","env":"local","level":"INFO","consoleLevel":"INFO","disableConsoleAfterReady":false,"outputJSON":false,"buffer":true,"appLogName":"mysql-web.log","coreLogName":"egg-web.log","agentLogName":"egg-agent.log","errorLogName":"common-error.log","coreLogger":{"consoleLevel":"WARN"},"allowDebugAtProd":false,"type":"application"}
2020-08-31 22:23:06,176 INFO 1948 [egg-multipart] file mode enable
2020-08-31 22:23:06,176 INFO 1948 [egg-multipart] will save temporary files to "C:\\Users\\yuzhenli\\AppData\\Local\\Temp\\egg-multipart-tmp\\mysql", cleanup job cron: "0 30 4 * * *"
2020-08-31 22:23:06,176 INFO 1948 [egg-mysql] connecting root@localhost:3306/vue
2020-08-31 22:23:07,078 INFO 1948 [egg-static] starting static serve /public/ -> D:\hqyj\Webpack\vuew\mstx_server\app\public
2020-08-31 22:23:07,082 INFO 1948 [egg-security] use methodnoallow middleware
2020-08-31 22:23:07,084 INFO 1948 [egg-security] use noopen middleware
2020-08-31 22:23:07,086 INFO 1948 [egg-security] use nosniff middleware
2020-08-31 22:23:07,087 INFO 1948 [egg-security] use xssProtection middleware
2020-08-31 22:23:07,088 INFO 1948 [egg-security] use xframe middleware
2020-08-31 22:23:07,089 INFO 1948 [egg-security] use dta middleware
2020-08-31 22:23:07,089 INFO 1948 [egg-security] compose 6 middlewares into one security middleware
2020-08-31 22:23:07,102 INFO 1948 [egg:core] dump config after load, 6ms
2020-08-31 22:23:07,121 INFO 1948 [egg-watcher:application] watcher start success
2020-08-31 22:23:07,133 INFO 1948 [egg-mysql] instance[0] status OK, rds currentTime: Mon Aug 31 2020 22:23:07 GMT+0800 (GMT+08:00)
2020-08-31 22:23:07,150 INFO 1948 [egg:core] dump config after ready, 16ms
2020-09-01 09:08:11,686 INFO 7392 [egg:logger] init all loggers with options: {"dir":"D:\\hqyj\\Webpack\\vuew\\mstx_server\\logs\\mysql","encoding":"utf8","env":"local","level":"INFO","consoleLevel":"INFO","disableConsoleAfterReady":false,"outputJSON":false,"buffer":true,"appLogName":"mysql-web.log","coreLogName":"egg-web.log","agentLogName":"egg-agent.log","errorLogName":"common-error.log","coreLogger":{"consoleLevel":"WARN"},"allowDebugAtProd":false,"type":"application"}
2020-09-01 09:08:11,725 INFO 7392 [egg-multipart] file mode enable
2020-09-01 09:08:11,725 INFO 7392 [egg-multipart] will save temporary files to "C:\\Users\\yuzhenli\\AppData\\Local\\Temp\\egg-multipart-tmp\\mysql", cleanup job cron: "0 30 4 * * *"
2020-09-01 09:08:11,725 INFO 7392 [egg-mysql] connecting root@localhost:3306/vue
2020-09-01 09:08:12,757 INFO 7392 [egg-static] starting static serve /public/ -> D:\hqyj\Webpack\vuew\mstx_server\app\public
2020-09-01 09:08:12,783 INFO 7392 [egg-security] use methodnoallow middleware
2020-09-01 09:08:12,785 INFO 7392 [egg-security] use noopen middleware
2020-09-01 09:08:12,789 INFO 7392 [egg-security] use nosniff middleware
2020-09-01 09:08:12,790 INFO 7392 [egg-security] use xssProtection middleware
2020-09-01 09:08:12,792 INFO 7392 [egg-security] use xframe middleware
2020-09-01 09:08:12,794 INFO 7392 [egg-security] use dta middleware
2020-09-01 09:08:12,794 INFO 7392 [egg-security] compose 6 middlewares into one security middleware
2020-09-01 09:08:12,824 INFO 7392 [egg:core] dump config after load, 23ms
2020-09-01 09:08:12,851 INFO 7392 [egg-watcher:application] watcher start success
2020-09-01 09:08:12,871 INFO 7392 [egg-mysql] instance[0] status OK, rds currentTime: Tue Sep 01 2020 09:08:12 GMT+0800 (GMT+08:00)
2020-09-01 09:08:12,882 INFO 7392 [egg:core] dump config after ready, 10ms
2020-09-01 09:45:50,716 INFO 17544 [egg:logger] init all loggers with options: {"dir":"D:\\hqyj\\Webpack\\vuew\\mstx_server\\logs\\mysql","encoding":"utf8","env":"local","level":"INFO","consoleLevel":"INFO","disableConsoleAfterReady":false,"outputJSON":false,"buffer":true,"appLogName":"mysql-web.log","coreLogName":"egg-web.log","agentLogName":"egg-agent.log","errorLogName":"common-error.log","coreLogger":{"consoleLevel":"WARN"},"allowDebugAtProd":false,"type":"application"}
2020-09-01 09:45:50,755 INFO 17544 [egg-multipart] file mode enable
2020-09-01 09:45:50,755 INFO 17544 [egg-multipart] will save temporary files to "C:\\Users\\yuzhenli\\AppData\\Local\\Temp\\egg-multipart-tmp\\mysql", cleanup job cron: "0 30 4 * * *"
2020-09-01 09:45:50,755 INFO 17544 [egg-mysql] connecting root@localhost:3306/vue
2020-09-01 09:45:50,993 INFO 17544 [egg-static] starting static serve /public/ -> D:\hqyj\Webpack\vuew\mstx_server\app\public
2020-09-01 09:45:50,997 INFO 17544 [egg-security] use methodnoallow middleware
2020-09-01 09:45:50,998 INFO 17544 [egg-security] use noopen middleware
2020-09-01 09:45:51,000 INFO 17544 [egg-security] use nosniff middleware
2020-09-01 09:45:51,001 INFO 17544 [egg-security] use xssProtection middleware
2020-09-01 09:45:51,002 INFO 17544 [egg-security] use xframe middleware
2020-09-01 09:45:51,003 INFO 17544 [egg-security] use dta middleware
2020-09-01 09:45:51,003 INFO 17544 [egg-security] compose 6 middlewares into one security middleware
2020-09-01 09:45:51,013 INFO 17544 [egg:core] dump config after load, 6ms
2020-09-01 09:45:51,032 INFO 17544 [egg-watcher:application] watcher start success
2020-09-01 09:45:51,034 INFO 17544 [egg-mysql] instance[0] status OK, rds currentTime: Tue Sep 01 2020 09:45:51 GMT+0800 (GMT+08:00)
2020-09-01 09:45:51,044 INFO 17544 [egg:core] dump config after ready, 8ms
2020-09-01 09:46:36,579 INFO 9788 [egg:logger] init all loggers with options: {"dir":"D:\\hqyj\\Webpack\\vuew\\mstx_server\\logs\\mysql","encoding":"utf8","env":"local","level":"INFO","consoleLevel":"INFO","disableConsoleAfterReady":false,"outputJSON":false,"buffer":true,"appLogName":"mysql-web.log","coreLogName":"egg-web.log","agentLogName":"egg-agent.log","errorLogName":"common-error.log","coreLogger":{"consoleLevel":"WARN"},"allowDebugAtProd":false,"type":"application"}
2020-09-01 09:46:36,622 INFO 9788 [egg-multipart] file mode enable
2020-09-01 09:46:36,622 INFO 9788 [egg-multipart] will save temporary files to "C:\\Users\\yuzhenli\\AppData\\Local\\Temp\\egg-multipart-tmp\\mysql", cleanup job cron: "0 30 4 * * *"
2020-09-01 09:46:36,623 INFO 9788 [egg-mysql] connecting root@localhost:3306/vue
2020-09-01 09:46:36,911 INFO 9788 [egg-static] starting static serve /public/ -> D:\hqyj\Webpack\vuew\mstx_server\app\public
2020-09-01 09:46:36,924 INFO 9788 [egg-security] use methodnoallow middleware
2020-09-01 09:46:36,927 INFO 9788 [egg-security] use noopen middleware
2020-09-01 09:46:36,935 INFO 9788 [egg-security] use nosniff middleware
2020-09-01 09:46:36,936 INFO 9788 [egg-security] use xssProtection middleware
2020-09-01 09:46:36,938 INFO 9788 [egg-security] use xframe middleware
2020-09-01 09:46:36,940 INFO 9788 [egg-security] use dta middleware
2020-09-01 09:46:36,940 INFO 9788 [egg-security] compose 6 middlewares into one security middleware
2020-09-01 09:46:36,972 INFO 9788 [egg:core] dump config after load, 18ms
2020-09-01 09:46:36,989 INFO 9788 [egg-watcher:application] watcher start success
2020-09-01 09:46:36,995 INFO 9788 [egg-mysql] instance[0] status OK, rds currentTime: Tue Sep 01 2020 09:46:36 GMT+0800 (GMT+08:00)
2020-09-01 09:46:37,048 INFO 9788 [egg:core] dump config after ready, 50ms
2020-09-01 09:46:45,342 INFO 16376 [egg:logger] init all loggers with options: {"dir":"D:\\hqyj\\Webpack\\vuew\\mstx_server\\logs\\mysql","encoding":"utf8","env":"local","level":"INFO","consoleLevel":"INFO","disableConsoleAfterReady":false,"outputJSON":false,"buffer":true,"appLogName":"mysql-web.log","coreLogName":"egg-web.log","agentLogName":"egg-agent.log","errorLogName":"common-error.log","coreLogger":{"consoleLevel":"WARN"},"allowDebugAtProd":false,"type":"application"}
2020-09-01 09:46:45,384 INFO 16376 [egg-multipart] file mode enable
2020-09-01 09:46:45,384 INFO 16376 [egg-multipart] will save temporary files to "C:\\Users\\yuzhenli\\AppData\\Local\\Temp\\egg-multipart-tmp\\mysql", cleanup job cron: "0 30 4 * * *"
2020-09-01 09:46:45,384 INFO 16376 [egg-mysql] connecting root@localhost:3306/vue
2020-09-01 09:46:45,635 INFO 16376 [egg-static] starting static serve /public/ -> D:\hqyj\Webpack\vuew\mstx_server\app\public
2020-09-01 09:46:45,640 INFO 16376 [egg-security] use methodnoallow middleware
2020-09-01 09:46:45,641 INFO 16376 [egg-security] use noopen middleware
2020-09-01 09:46:45,645 INFO 16376 [egg-security] use nosniff middleware
2020-09-01 09:46:45,646 INFO 16376 [egg-security] use xssProtection middleware
2020-09-01 09:46:45,647 INFO 16376 [egg-security] use xframe middleware
2020-09-01 09:46:45,648 INFO 16376 [egg-security] use dta middleware
2020-09-01 09:46:45,648 INFO 16376 [egg-security] compose 6 middlewares into one security middleware
2020-09-01 09:46:45,690 INFO 16376 [egg:core] dump config after load, 37ms
2020-09-01 09:46:45,706 INFO 16376 [egg-watcher:application] watcher start success
2020-09-01 09:46:45,710 INFO 16376 [egg-mysql] instance[0] status OK, rds currentTime: Tue Sep 01 2020 09:46:45 GMT+0800 (GMT+08:00)
2020-09-01 09:46:45,728 INFO 16376 [egg:core] dump config after ready, 16ms
2020-09-01 09:48:32,752 INFO 3944 [egg:logger] init all loggers with options: {"dir":"D:\\hqyj\\Webpack\\vuew\\mstx_server\\logs\\mysql","encoding":"utf8","env":"local","level":"INFO","consoleLevel":"INFO","disableConsoleAfterReady":false,"outputJSON":false,"buffer":true,"appLogName":"mysql-web.log","coreLogName":"egg-web.log","agentLogName":"egg-agent.log","errorLogName":"common-error.log","coreLogger":{"consoleLevel":"WARN"},"allowDebugAtProd":false,"type":"application"}
2020-09-01 09:48:32,791 INFO 3944 [egg-multipart] file mode enable
2020-09-01 09:48:32,791 INFO 3944 [egg-multipart] will save temporary files to "C:\\Users\\yuzhenli\\AppData\\Local\\Temp\\egg-multipart-tmp\\mysql", cleanup job cron: "0 30 4 * * *"
2020-09-01 09:48:32,791 INFO 3944 [egg-mysql] connecting root@localhost:3306/vue
2020-09-01 09:48:33,047 INFO 3944 [egg-static] starting static serve /public/ -> D:\hqyj\Webpack\vuew\mstx_server\app\public
2020-09-01 09:48:33,052 INFO 3944 [egg-security] use methodnoallow middleware
2020-09-01 09:48:33,053 INFO 3944 [egg-security] use noopen middleware
2020-09-01 09:48:33,056 INFO 3944 [egg-security] use nosniff middleware
2020-09-01 09:48:33,058 INFO 3944 [egg-security] use xssProtection middleware
2020-09-01 09:48:33,059 INFO 3944 [egg-security] use xframe middleware
2020-09-01 09:48:33,060 INFO 3944 [egg-security] use dta middleware
2020-09-01 09:48:33,060 INFO 3944 [egg-security] compose 6 middlewares into one security middleware
2020-09-01 09:48:33,074 INFO 3944 [egg:core] dump config after load, 8ms
2020-09-01 09:48:33,094 INFO 3944 [egg-watcher:application] watcher start success
2020-09-01 09:48:33,097 INFO 3944 [egg-mysql] instance[0] status OK, rds currentTime: Tue Sep 01 2020 09:48:33 GMT+0800 (GMT+08:00)
2020-09-01 09:48:33,108 INFO 3944 [egg:core] dump config after ready, 9ms
2020-09-01 10:02:11,601 INFO 1480 [egg:logger] init all loggers with options: {"dir":"D:\\hqyj\\Webpack\\vuew\\mstx_server\\logs\\mysql","encoding":"utf8","env":"local","level":"INFO","consoleLevel":"INFO","disableConsoleAfterReady":false,"outputJSON":false,"buffer":true,"appLogName":"mysql-web.log","coreLogName":"egg-web.log","agentLogName":"egg-agent.log","errorLogName":"common-error.log","coreLogger":{"consoleLevel":"WARN"},"allowDebugAtProd":false,"type":"application"}
2020-09-01 10:02:11,657 INFO 1480 [egg-multipart] file mode enable
2020-09-01 10:02:11,657 INFO 1480 [egg-multipart] will save temporary files to "C:\\Users\\yuzhenli\\AppData\\Local\\Temp\\egg-multipart-tmp\\mysql", cleanup job cron: "0 30 4 * * *"
2020-09-01 10:02:11,658 INFO 1480 [egg-mysql] connecting root@localhost:3306/vue
2020-09-01 10:02:11,920 INFO 1480 [egg-static] starting static serve /public/ -> D:\hqyj\Webpack\vuew\mstx_server\app\public
2020-09-01 10:02:11,924 INFO 1480 [egg-security] use methodnoallow middleware
2020-09-01 10:02:11,926 INFO 1480 [egg-security] use noopen middleware
2020-09-01 10:02:11,929 INFO 1480 [egg-security] use nosniff middleware
2020-09-01 10:02:11,930 INFO 1480 [egg-security] use xssProtection middleware
2020-09-01 10:02:11,931 INFO 1480 [egg-security] use xframe middleware
2020-09-01 10:02:11,932 INFO 1480 [egg-security] use dta middleware
2020-09-01 10:02:11,932 INFO 1480 [egg-security] compose 6 middlewares into one security middleware
2020-09-01 10:02:11,945 INFO 1480 [egg:core] dump config after load, 7ms
2020-09-01 10:02:11,963 INFO 1480 [egg-watcher:application] watcher start success
2020-09-01 10:02:11,966 INFO 1480 [egg-mysql] instance[0] status OK, rds currentTime: Tue Sep 01 2020 10:02:11 GMT+0800 (GMT+08:00)
2020-09-01 10:02:11,975 INFO 1480 [egg:core] dump config after ready, 7ms
